TN:
SF:C:\pranesh\apps2\email_service\email-service\app.js
FN:10,(anonymous_0)
FN:31,(anonymous_1)
FN:36,(anonymous_2)
FN:41,(anonymous_3)
FNF:4
FNH:1
FNDA:4,(anonymous_0)
FNDA:0,(anonymous_1)
FNDA:0,(anonymous_2)
FNDA:0,(anonymous_3)
DA:1,1
DA:2,1
DA:3,1
DA:4,1
DA:5,1
DA:6,1
DA:8,1
DA:10,1
DA:11,4
DA:12,4
DA:16,4
DA:19,1
DA:20,1
DA:22,1
DA:23,1
DA:24,1
DA:25,1
DA:26,1
DA:28,1
DA:31,1
DA:32,0
DA:36,1
DA:37,0
DA:41,1
DA:43,0
DA:44,0
DA:46,0
DA:47,0
DA:50,1
LF:29
LH:23
BRDA:44,0,0,0
BRDA:44,0,1,0
BRDA:46,1,0,0
BRDA:46,1,1,0
BRF:4
BRH:0
end_of_record
TN:
SF:C:\pranesh\apps2\email_service\email-service\controller\v1\emailController.js
FN:7,sendEmail
FN:14,(anonymous_1)
FN:15,(anonymous_2)
FNF:3
FNH:3
FNDA:2,sendEmail
FNDA:4,(anonymous_1)
FNDA:2,(anonymous_2)
DA:1,1
DA:2,1
DA:3,1
DA:5,1
DA:7,1
DA:12,2
DA:14,4
DA:15,2
DA:17,2
DA:19,2
DA:20,0
DA:21,0
DA:25,2
DA:26,3
DA:28,3
DA:30,3
DA:31,3
DA:32,2
DA:34,0
DA:35,0
DA:36,0
DA:38,2
DA:39,2
DA:40,2
DA:42,1
DA:43,1
DA:44,1
DA:45,1
DA:46,1
DA:48,1
DA:55,2
DA:56,2
LF:32
LH:27
BRDA:19,0,0,0
BRDA:19,0,1,2
BRDA:31,1,0,1
BRDA:31,1,1,2
BRDA:32,2,0,2
BRDA:32,2,1,0
BRDA:45,3,0,1
BRDA:45,3,1,0
BRF:8
BRH:5
end_of_record
TN:
SF:C:\pranesh\apps2\email_service\email-service\controller\v1\emailValidator.js
FN:3,(anonymous_0)
FN:5,(anonymous_1)
FN:8,addEmail
FN:9,(anonymous_3)
FN:30,(anonymous_4)
FN:46,(anonymous_5)
FN:64,(anonymous_6)
FN:102,(anonymous_7)
FN:108,(anonymous_8)
FNF:9
FNH:9
FNDA:1,(anonymous_0)
FNDA:4,(anonymous_1)
FNDA:10,addEmail
FNDA:11,(anonymous_3)
FNDA:4,(anonymous_4)
FNDA:4,(anonymous_5)
FNDA:4,(anonymous_6)
FNDA:4,(anonymous_7)
FNDA:16,(anonymous_8)
DA:1,1
DA:3,1
DA:4,1
DA:6,4
DA:9,10
DA:10,11
DA:14,4
DA:15,4
DA:17,4
DA:18,3
DA:20,4
DA:21,3
DA:24,4
DA:25,1
DA:27,3
DA:31,4
DA:32,1
DA:34,3
DA:47,4
DA:48,4
DA:49,1
DA:52,3
DA:65,4
DA:66,4
DA:67,1
DA:70,3
DA:102,1
DA:103,4
DA:104,4
DA:105,2
DA:107,2
DA:108,16
DA:110,2
DA:115,1
LF:34
LH:34
BRDA:14,0,0,4
BRDA:14,0,1,0
BRDA:14,1,0,4
BRDA:14,1,1,4
BRDA:17,2,0,3
BRDA:17,2,1,1
BRDA:17,3,0,4
BRDA:17,3,1,4
BRDA:20,4,0,3
BRDA:20,4,1,1
BRDA:20,5,0,4
BRDA:20,5,1,4
BRDA:24,6,0,1
BRDA:24,6,1,3
BRDA:31,7,0,1
BRDA:31,7,1,3
BRDA:31,8,0,4
BRDA:31,8,1,4
BRDA:47,9,0,4
BRDA:47,9,1,0
BRDA:48,10,0,1
BRDA:48,10,1,3
BRDA:65,11,0,4
BRDA:65,11,1,0
BRDA:66,12,0,1
BRDA:66,12,1,3
BRDA:104,13,0,2
BRDA:104,13,1,2
BRF:28
BRH:25
end_of_record
TN:
SF:C:\pranesh\apps2\email_service\email-service\controller\v1\mailJetUtil.js
FN:5,createRequestMailJet
FN:6,(anonymous_1)
FN:23,sendEmailMailJet
FN:36,(anonymous_3)
FN:40,(anonymous_4)
FNF:5
FNH:5
FNDA:2,createRequestMailJet
FNDA:2,(anonymous_1)
FNDA:2,sendEmailMailJet
FNDA:1,(anonymous_3)
FNDA:1,(anonymous_4)
DA:1,1
DA:2,1
DA:3,1
DA:6,2
DA:7,2
DA:8,2
DA:9,2
DA:10,2
DA:11,2
DA:12,2
DA:13,2
DA:14,2
DA:15,2
DA:18,2
DA:23,1
DA:24,2
DA:25,2
DA:27,2
DA:34,2
DA:37,1
DA:38,1
DA:41,1
DA:42,1
DA:43,1
DA:45,1
LF:25
LH:25
BRDA:13,0,0,2
BRDA:13,0,1,0
BRDA:14,1,0,2
BRDA:14,1,1,0
BRDA:41,2,0,1
BRDA:41,2,1,0
BRF:6
BRH:3
end_of_record
TN:
SF:C:\pranesh\apps2\email_service\email-service\controller\v1\sendGridUtil.js
FN:5,createRequestSendGrid
FN:6,(anonymous_1)
FN:27,sendEmailSendGrid
FN:37,(anonymous_3)
FN:41,(anonymous_4)
FNF:5
FNH:4
FNDA:1,createRequestSendGrid
FNDA:1,(anonymous_1)
FNDA:1,sendEmailSendGrid
FNDA:1,(anonymous_3)
FNDA:0,(anonymous_4)
DA:1,1
DA:2,1
DA:3,1
DA:6,1
DA:7,1
DA:8,1
DA:9,1
DA:10,1
DA:11,1
DA:14,1
DA:27,1
DA:28,1
DA:29,1
DA:31,1
DA:35,1
DA:38,1
DA:39,1
DA:42,0
DA:43,0
DA:44,0
DA:46,0
LF:21
LH:17
BRDA:9,0,0,1
BRDA:9,0,1,0
BRDA:10,1,0,1
BRDA:10,1,1,0
BRDA:42,2,0,0
BRDA:42,2,1,0
BRF:6
BRH:2
end_of_record
TN:
SF:C:\pranesh\apps2\email_service\email-service\routes\emailV1.js
FNF:0
FNH:0
DA:1,1
DA:3,1
DA:4,1
DA:8,1
DA:10,1
DA:17,1
LF:6
LH:6
BRF:0
BRH:0
end_of_record
